<?xml version="1.0" encoding="UTF-8"?>
<!-- Generated by org.testng.reporters.JUnitXMLReporter -->
<testsuite ignored="0" hostname="tanhungvo-2.local" failures="0" tests="3" name="Default test" time="326.767" errors="0" timestamp="2024-06-11T15:19:43 ICT">
  <testcase classname="selenium.OM_Dev" name="openSignInPage" time="130.316"/>
  <testcase classname="selenium.OM_Dev" name="signInByMobile" time="33.45"/>
  <testcase classname="selenium.OM_Dev" name="updateProfile" time="154.584"/>
</testsuite> <!-- Default test -->
