<?xml version="1.0" encoding="UTF-8"?>
<testng-results ignored="0" total="3" passed="3" failed="0" skipped="0">
  <reporter-output>
  </reporter-output>
  <suite started-at="2024-06-11T15:14:16 ICT" name="Default suite" finished-at="2024-06-11T15:19:43 ICT" duration-ms="326767">
    <groups>
    </groups>
    <test started-at="2024-06-11T15:14:16 ICT" name="Default test" finished-at="2024-06-11T15:19:43 ICT" duration-ms="326767">
      <class name="selenium.OM_Dev">
        <test-method is-config="true" signature="beforeClass()[pri:0, instance:selenium.OM_Dev@449a4f23]" started-at="2024-06-11T15:14:16 ICT" name="beforeClass" finished-at="2024-06-11T15:14:25 ICT" duration-ms="8381" status="PASS">
          <reporter-output>
          </reporter-output>
        </test-method> <!-- beforeClass -->
        <test-method signature="openSignInPage()[pri:0, instance:selenium.OM_Dev@449a4f23]" started-at="2024-06-11T15:14:25 ICT" name="openSignInPage" finished-at="2024-06-11T15:16:35 ICT" duration-ms="130316" status="PASS">
          <reporter-output>
          </reporter-output>
        </test-method> <!-- openSignInPage -->
        <test-method signature="signInByMobile()[pri:0, instance:selenium.OM_Dev@449a4f23]" started-at="2024-06-11T15:16:35 ICT" name="signInByMobile" finished-at="2024-06-11T15:17:09 ICT" duration-ms="33450" status="PASS">
          <reporter-output>
          </reporter-output>
        </test-method> <!-- signInByMobile -->
        <test-method signature="updateProfile()[pri:0, instance:selenium.OM_Dev@449a4f23]" started-at="2024-06-11T15:17:09 ICT" name="updateProfile" finished-at="2024-06-11T15:19:43 ICT" duration-ms="154584" status="PASS">
          <reporter-output>
          </reporter-output>
        </test-method> <!-- updateProfile -->
      </class> <!-- selenium.OM_Dev -->
    </test> <!-- Default test -->
  </suite> <!-- Default suite -->
</testng-results>
